android/app/build/intermediates/manifest_merge_blame_file/release/manifest-merger-blame-release-report.txt
1<?xml version="1.0" encoding="utf-8"?>
2<manifest xmlns:android="http://schemas.android.com/apk/res/android"
3    package="com.mektoube"
4    android:versionCode="1"
5    android:versionName="1.0" >
6
7    <uses-sdk
8        android:minSdkVersion="21"
8-->src/main/AndroidManifest.xml
9        android:targetSdkVersion="30" />
9-->src/main/AndroidManifest.xml
10
11    <uses-permission android:name="android.permission.INTERNET" />
11-->src/main/AndroidManifest.xml:3:5-67
11-->src/main/AndroidManifest.xml:3:22-64
12    <uses-permission android:name="android.permission.ACCESS_FINE_LOCATION" />
12-->src/main/AndroidManifest.xml:4:5-79
12-->src/main/AndroidManifest.xml:4:22-76
13    <uses-permission android:name="android.permission.ACCESS_COARSE_LOCATION" />
13-->src/main/AndroidManifest.xml:5:5-81
13-->src/main/AndroidManifest.xml:5:22-78
14
15    <uses-feature android:name="android.hardware.location.gps" />
15-->src/main/AndroidManifest.xml:6:5-66
15-->src/main/AndroidManifest.xml:6:19-63
16    <uses-feature android:name="android.hardware.location.network" />
16-->src/main/AndroidManifest.xml:7:5-70
16-->src/main/AndroidManifest.xml:7:19-67
17
18    <application
18-->src/main/AndroidManifest.xml:8:5-33:19
19        android:name="com.mektoube.MainApplication"
19-->src/main/AndroidManifest.xml:9:7-38
20        android:allowBackup="false"
20-->src/main/AndroidManifest.xml:13:7-34
21        android:appComponentFactory="androidx.core.app.CoreComponentFactory"
21-->[androidx.core:core:1.1.0] AndroidManifest.xml:24:18-86
22        android:icon="@mipmap/ic_launcher"
22-->src/main/AndroidManifest.xml:11:7-41
23        android:label="@string/app_name"
23-->src/main/AndroidManifest.xml:10:7-39
24        android:roundIcon="@mipmap/ic_launcher_round"
24-->src/main/AndroidManifest.xml:12:7-52
25        android:theme="@style/AppTheme"
25-->src/main/AndroidManifest.xml:15:7-38
26        android:usesCleartextTraffic="true" >
26-->src/main/AndroidManifest.xml:14:7-42
27        <service
27-->src/main/AndroidManifest.xml:16:9-20:17
28            android:name="com.mektoube.MyNavigationService"
28-->src/main/AndroidManifest.xml:17:11-45
29            android:foregroundServiceType="location" >
29-->src/main/AndroidManifest.xml:18:11-51
30        </service>
31
32        <activity
32-->src/main/AndroidManifest.xml:21:7-32:18
33            android:name="com.mektoube.MainActivity"
33-->src/main/AndroidManifest.xml:22:9-37
34            android:configChanges="keyboard|keyboardHidden|orientation|screenSize|uiMode"
34-->src/main/AndroidManifest.xml:24:9-86
35            android:label="@string/app_name"
35-->src/main/AndroidManifest.xml:23:9-41
36            android:launchMode="singleTask"
36-->src/main/AndroidManifest.xml:25:9-40
37            android:windowSoftInputMode="adjustPan" >
37-->src/main/AndroidManifest.xml:26:9-48
38            <intent-filter>
38-->src/main/AndroidManifest.xml:28:9-31:25
39                <action android:name="android.intent.action.MAIN" />
39-->src/main/AndroidManifest.xml:29:13-65
39-->src/main/AndroidManifest.xml:29:21-62
40
41                <category android:name="android.intent.category.LAUNCHER" />
41-->src/main/AndroidManifest.xml:30:13-73
41-->src/main/AndroidManifest.xml:30:23-70
42            </intent-filter>
43        </activity>
44    </application>
45
46</manifest>